{"/home/travis/build/npmtest/node-npmtest-wuzzy/test.js":{"path":"/home/travis/build/npmtest/node-npmtest-wuzzy/test.js","s":{"1":2,"2":2,"3":2,"4":2,"5":2,"6":2,"7":2,"8":1,"9":2,"10":2,"11":1,"12":1,"13":1,"14":1,"15":2,"16":2,"17":2,"18":2,"19":1,"20":1,"21":2,"22":2,"23":2,"24":1,"25":1,"26":1,"27":1,"28":1,"29":1,"30":1,"31":1,"32":1,"33":1,"34":1,"35":1,"36":1,"37":1,"38":1,"39":2,"40":2,"41":1,"42":2,"43":2,"44":1,"45":2,"46":2,"47":1,"48":2,"49":2,"50":1,"51":1,"52":1,"53":1,"54":1},"b":{"1":[2,1,1,1],"2":[1,1,1,1],"3":[1,1],"4":[1,1],"5":[1,1],"6":[1,1],"7":[1,1],"8":[1,1],"9":[1,1],"10":[1,1,1],"11":[1,1],"12":[1,1],"13":[1,1],"14":[1,1],"15":[1,1],"16":[1,1],"17":[1,1]},"f":{"1":2,"2":2,"3":2,"4":2,"5":2,"6":1,"7":1,"8":1,"9":2,"10":2,"11":2,"12":2,"13":1},"fnMap":{"1":{"name":"(anonymous_1)","line":12,"loc":{"start":{"line":12,"column":1},"end":{"line":12,"column":13}}},"2":{"name":"(anonymous_2)","line":19,"loc":{"start":{"line":19,"column":5},"end":{"line":19,"column":17}}},"3":{"name":"(anonymous_3)","line":23,"loc":{"start":{"line":23,"column":24},"end":{"line":23,"column":36}}},"4":{"name":"(anonymous_4)","line":61,"loc":{"start":{"line":61,"column":5},"end":{"line":61,"column":17}}},"5":{"name":"(anonymous_5)","line":82,"loc":{"start":{"line":82,"column":5},"end":{"line":82,"column":17}}},"6":{"name":"(anonymous_6)","line":91,"loc":{"start":{"line":91,"column":77},"end":{"line":94,"column":10}}},"7":{"name":"(anonymous_7)","line":112,"loc":{"start":{"line":112,"column":83},"end":{"line":115,"column":10}},"skip":true},"8":{"name":"(anonymous_8)","line":123,"loc":{"start":{"line":123,"column":77},"end":{"line":126,"column":10}},"skip":true},"9":{"name":"(anonymous_9)","line":139,"loc":{"start":{"line":139,"column":12},"end":{"line":139,"column":40}},"skip":true},"10":{"name":"(anonymous_10)","line":147,"loc":{"start":{"line":147,"column":77},"end":{"line":150,"column":10}},"skip":true},"11":{"name":"(anonymous_11)","line":158,"loc":{"start":{"line":158,"column":83},"end":{"line":161,"column":10}},"skip":true},"12":{"name":"(anonymous_12)","line":169,"loc":{"start":{"line":169,"column":79},"end":{"line":172,"column":10}},"skip":true},"13":{"name":"(anonymous_13)","line":180,"loc":{"start":{"line":180,"column":75},"end":{"line":183,"column":10}},"skip":true}},"statementMap":{"1":{"start":{"line":12,"column":0},"end":{"line":195,"column":5}},"2":{"start":{"line":14,"column":4},"end":{"line":14,"column":14}},"3":{"start":{"line":19,"column":4},"end":{"line":56,"column":9}},"4":{"start":{"line":21,"column":8},"end":{"line":21,"column":19}},"5":{"start":{"line":23,"column":8},"end":{"line":35,"column":13}},"6":{"start":{"line":24,"column":12},"end":{"line":34,"column":13}},"7":{"start":{"line":25,"column":16},"end":{"line":28,"column":30}},"8":{"start":{"line":30,"column":16},"end":{"line":33,"column":27}},"9":{"start":{"line":37,"column":8},"end":{"line":39,"column":21}},"10":{"start":{"line":40,"column":8},"end":{"line":53,"column":9}},"11":{"start":{"line":43,"column":12},"end":{"line":46,"column":14}},"12":{"start":{"line":47,"column":12},"end":{"line":47,"column":18}},"13":{"start":{"line":50,"column":12},"end":{"line":51,"column":33}},"14":{"start":{"line":52,"column":12},"end":{"line":52,"column":18}},"15":{"start":{"line":55,"column":8},"end":{"line":55,"column":35}},"16":{"start":{"line":61,"column":4},"end":{"line":63,"column":9}},"17":{"start":{"line":62,"column":8},"end":{"line":62,"column":15}},"18":{"start":{"line":64,"column":4},"end":{"line":77,"column":5}},"19":{"start":{"line":70,"column":8},"end":{"line":70,"column":14}},"20":{"start":{"line":76,"column":8},"end":{"line":76,"column":14}},"21":{"start":{"line":82,"column":4},"end":{"line":84,"column":9}},"22":{"start":{"line":83,"column":8},"end":{"line":83,"column":15}},"23":{"start":{"line":85,"column":4},"end":{"line":194,"column":5}},"24":{"start":{"line":91,"column":8},"end":{"line":99,"column":10}},"25":{"start":{"line":98,"column":12},"end":{"line":98,"column":35}},"26":{"start":{"line":102,"column":8},"end":{"line":104,"column":63}},"27":{"start":{"line":105,"column":8},"end":{"line":105,"column":14}},"28":{"start":{"line":112,"column":8},"end":{"line":121,"column":10},"skip":true},"29":{"start":{"line":119,"column":12},"end":{"line":119,"column":55},"skip":true},"30":{"start":{"line":120,"column":12},"end":{"line":120,"column":48},"skip":true},"31":{"start":{"line":123,"column":8},"end":{"line":136,"column":10},"skip":true},"32":{"start":{"line":130,"column":12},"end":{"line":130,"column":76},"skip":true},"33":{"start":{"line":131,"column":12},"end":{"line":131,"column":73},"skip":true},"34":{"start":{"line":132,"column":12},"end":{"line":132,"column":74},"skip":true},"35":{"start":{"line":133,"column":12},"end":{"line":133,"column":79},"skip":true},"36":{"start":{"line":134,"column":12},"end":{"line":134,"column":25},"skip":true},"37":{"start":{"line":135,"column":12},"end":{"line":135,"column":45},"skip":true},"38":{"start":{"line":138,"column":8},"end":{"line":145,"column":14},"skip":true},"39":{"start":{"line":143,"column":16},"end":{"line":143,"column":29},"skip":true},"40":{"start":{"line":144,"column":16},"end":{"line":144,"column":55},"skip":true},"41":{"start":{"line":147,"column":8},"end":{"line":156,"column":10},"skip":true},"42":{"start":{"line":154,"column":12},"end":{"line":154,"column":25},"skip":true},"43":{"start":{"line":155,"column":12},"end":{"line":155,"column":45},"skip":true},"44":{"start":{"line":158,"column":8},"end":{"line":167,"column":10},"skip":true},"45":{"start":{"line":165,"column":12},"end":{"line":165,"column":25},"skip":true},"46":{"start":{"line":166,"column":12},"end":{"line":166,"column":48},"skip":true},"47":{"start":{"line":169,"column":8},"end":{"line":178,"column":10},"skip":true},"48":{"start":{"line":176,"column":12},"end":{"line":176,"column":25},"skip":true},"49":{"start":{"line":177,"column":12},"end":{"line":177,"column":46},"skip":true},"50":{"start":{"line":180,"column":8},"end":{"line":189,"column":10},"skip":true},"51":{"start":{"line":187,"column":12},"end":{"line":187,"column":94},"skip":true},"52":{"start":{"line":188,"column":12},"end":{"line":188,"column":48},"skip":true},"53":{"start":{"line":192,"column":8},"end":{"line":192,"column":35},"skip":true},"54":{"start":{"line":193,"column":8},"end":{"line":193,"column":14},"skip":true}},"branchMap":{"1":{"line":25,"type":"binary-expr","locations":[{"start":{"line":25,"column":23},"end":{"line":25,"column":62}},{"start":{"line":26,"column":20},"end":{"line":26,"column":70}},{"start":{"line":27,"column":20},"end":{"line":27,"column":71}},{"start":{"line":28,"column":20},"end":{"line":28,"column":29}}]},"2":{"line":30,"type":"binary-expr","locations":[{"start":{"line":30,"column":23},"end":{"line":30,"column":37}},{"start":{"line":31,"column":20},"end":{"line":31,"column":61}},{"start":{"line":32,"column":20},"end":{"line":32,"column":70}},{"start":{"line":33,"column":20},"end":{"line":33,"column":26}}]},"3":{"line":37,"type":"cond-expr","locations":[{"start":{"line":38,"column":14},"end":{"line":38,"column":20}},{"start":{"line":39,"column":14},"end":{"line":39,"column":20}}]},"4":{"line":40,"type":"switch","locations":[{"start":{"line":42,"column":8},"end":{"line":47,"column":18}},{"start":{"line":49,"column":8},"end":{"line":52,"column":18}}]},"5":{"line":44,"type":"binary-expr","locations":[{"start":{"line":44,"column":16},"end":{"line":44,"column":44}},{"start":{"line":44,"column":48},"end":{"line":44,"column":66}}]},"6":{"line":50,"type":"binary-expr","locations":[{"start":{"line":50,"column":21},"end":{"line":50,"column":49}},{"start":{"line":50,"column":53},"end":{"line":50,"column":72}}]},"7":{"line":64,"type":"switch","locations":[{"start":{"line":69,"column":4},"end":{"line":70,"column":14}},{"start":{"line":75,"column":4},"end":{"line":76,"column":14}}]},"8":{"line":85,"type":"switch","locations":[{"start":{"line":90,"column":4},"end":{"line":105,"column":14}},{"start":{"line":111,"column":4},"end":{"line":193,"column":14},"skip":true}]},"9":{"line":91,"type":"binary-expr","locations":[{"start":{"line":91,"column":42},"end":{"line":91,"column":73}},{"start":{"line":91,"column":77},"end":{"line":99,"column":9}}]},"10":{"line":102,"type":"binary-expr","locations":[{"start":{"line":102,"column":18},"end":{"line":102,"column":32}},{"start":{"line":103,"column":12},"end":{"line":103,"column":53}},{"start":{"line":104,"column":12},"end":{"line":104,"column":61}}]},"11":{"line":112,"type":"binary-expr","locations":[{"start":{"line":112,"column":45},"end":{"line":112,"column":79},"skip":true},{"start":{"line":112,"column":83},"end":{"line":121,"column":9},"skip":true}]},"12":{"line":123,"type":"binary-expr","locations":[{"start":{"line":123,"column":42},"end":{"line":123,"column":73},"skip":true},{"start":{"line":123,"column":77},"end":{"line":136,"column":9},"skip":true}]},"13":{"line":138,"type":"binary-expr","locations":[{"start":{"line":138,"column":48},"end":{"line":138,"column":85},"skip":true},{"start":{"line":139,"column":12},"end":{"line":145,"column":13},"skip":true}]},"14":{"line":147,"type":"binary-expr","locations":[{"start":{"line":147,"column":42},"end":{"line":147,"column":73},"skip":true},{"start":{"line":147,"column":77},"end":{"line":156,"column":9},"skip":true}]},"15":{"line":158,"type":"binary-expr","locations":[{"start":{"line":158,"column":45},"end":{"line":158,"column":79},"skip":true},{"start":{"line":158,"column":83},"end":{"line":167,"column":9},"skip":true}]},"16":{"line":169,"type":"binary-expr","locations":[{"start":{"line":169,"column":43},"end":{"line":169,"column":75},"skip":true},{"start":{"line":169,"column":79},"end":{"line":178,"column":9},"skip":true}]},"17":{"line":180,"type":"binary-expr","locations":[{"start":{"line":180,"column":41},"end":{"line":180,"column":71},"skip":true},{"start":{"line":180,"column":75},"end":{"line":189,"column":9},"skip":true}]}},"code":["/* istanbul instrument in package npmtest_wuzzy */","/*jslint","    bitwise: true,","    browser: true,","    maxerr: 8,","    maxlen: 96,","    node: true,","    nomen: true,","    regexp: true,","    stupid: true","*/","(function () {","    'use strict';","    var local;","","","","    // run shared js-env code - pre-init","    (function () {","        // init local","        local = {};","        // init modeJs","        local.modeJs = (function () {","            try {","                return typeof navigator.userAgent === 'string' &&","                    typeof document.querySelector('body') === 'object' &&","                    typeof XMLHttpRequest.prototype.open === 'function' &&","                    'browser';","            } catch (errorCaughtBrowser) {","                return module.exports &&","                    typeof process.versions.node === 'string' &&","                    typeof require('http').createServer === 'function' &&","                    'node';","            }","        }());","        // init global","        local.global = local.modeJs === 'browser'","            ? window","            : global;","        switch (local.modeJs) {","        // re-init local from window.local","        case 'browser':","            local = local.global.utility2.objectSetDefault(","                local.global.utility2_rollup || local.global.local,","                local.global.utility2","            );","            break;","        // re-init local from example.js","        case 'node':","            local = (local.global.utility2_rollup || require('utility2'))","                .requireReadme();","            break;","        }","        // export local","        local.global.local = local;","    }());","","","","    // run shared js-env code - function","    (function () {","        return;","    }());","    switch (local.modeJs) {","","","","    // run browser js-env code - function","    case 'browser':","        break;","","","","    // run node js-env code - function","    case 'node':","        break;","    }","","","","    // run shared js-env code - post-init","    (function () {","        return;","    }());","    switch (local.modeJs) {","","","","    // run browser js-env code - post-init","    case 'browser':","        local.testCase_browser_nullCase = local.testCase_browser_nullCase || function (","            options,","            onError","        ) {","        /*","         * this function will test browsers's null-case handling-behavior-behavior","         */","            onError(null, options);","        };","","        // run tests","        local.nop(local.modeTest &&","            document.querySelector('#testRunButton1') &&","            document.querySelector('#testRunButton1').click());","        break;","","","","    // run node js-env code - post-init","    /* istanbul ignore next */","    case 'node':","        local.testCase_buildApidoc_default = local.testCase_buildApidoc_default || function (","            options,","            onError","        ) {","        /*","         * this function will test buildApidoc's default handling-behavior-behavior","         */","            options = { modulePathList: module.paths };","            local.buildApidoc(options, onError);","        };","","        local.testCase_buildApp_default = local.testCase_buildApp_default || function (","            options,","            onError","        ) {","        /*","         * this function will test buildApp's default handling-behavior-behavior","         */","            local.testCase_buildReadme_default(options, local.onErrorThrow);","            local.testCase_buildLib_default(options, local.onErrorThrow);","            local.testCase_buildTest_default(options, local.onErrorThrow);","            local.testCase_buildCustomOrg_default(options, local.onErrorThrow);","            options = [];","            local.buildApp(options, onError);","        };","","        local.testCase_buildCustomOrg_default = local.testCase_buildCustomOrg_default ||","            function (options, onError) {","            /*","             * this function will test buildCustomOrg's default handling-behavior","             */","                options = {};","                local.buildCustomOrg(options, onError);","            };","","        local.testCase_buildLib_default = local.testCase_buildLib_default || function (","            options,","            onError","        ) {","        /*","         * this function will test buildLib's default handling-behavior","         */","            options = {};","            local.buildLib(options, onError);","        };","","        local.testCase_buildReadme_default = local.testCase_buildReadme_default || function (","            options,","            onError","        ) {","        /*","         * this function will test buildReadme's default handling-behavior-behavior","         */","            options = {};","            local.buildReadme(options, onError);","        };","","        local.testCase_buildTest_default = local.testCase_buildTest_default || function (","            options,","            onError","        ) {","        /*","         * this function will test buildTest's default handling-behavior","         */","            options = {};","            local.buildTest(options, onError);","        };","","        local.testCase_webpage_default = local.testCase_webpage_default || function (","            options,","            onError","        ) {","        /*","         * this function will test webpage's default handling-behavior","         */","            options = { modeCoverageMerge: true, url: local.serverLocalHost + '?modeTest=1' };","            local.browserTest(options, onError);","        };","","        // run test-server","        local.testRunServer(local);","        break;","    }","}());",""],"l":{"12":2,"14":2,"19":2,"21":2,"23":2,"24":2,"25":2,"30":1,"37":2,"40":2,"43":1,"47":1,"50":1,"52":1,"55":2,"61":2,"62":2,"64":2,"70":1,"76":1,"82":2,"83":2,"85":2,"91":1,"98":1,"102":1,"105":1,"112":1,"119":1,"120":1,"123":1,"130":1,"131":1,"132":1,"133":1,"134":1,"135":1,"138":1,"143":2,"144":2,"147":1,"154":2,"155":2,"158":1,"165":2,"166":2,"169":1,"176":2,"177":2,"180":1,"187":1,"188":1,"192":1,"193":1}},"/home/travis/build/npmtest/node-npmtest-wuzzy/lib.npmtest_wuzzy.js":{"path":"/home/travis/build/npmtest/node-npmtest-wuzzy/lib.npmtest_wuzzy.js","s":{"1":2,"2":2,"3":2,"4":2,"5":2,"6":2,"7":2,"8":1,"9":2,"10":2,"11":2,"12":2,"13":1,"14":1,"15":1,"16":1},"b":{"1":[2,1,1,1],"2":[1,1,1,1],"3":[1,1],"4":[2,2],"5":[1,1]},"f":{"1":2,"2":2,"3":2},"fnMap":{"1":{"name":"(anonymous_1)","line":12,"loc":{"start":{"line":12,"column":1},"end":{"line":12,"column":13}}},"2":{"name":"(anonymous_2)","line":19,"loc":{"start":{"line":19,"column":5},"end":{"line":19,"column":17}}},"3":{"name":"(anonymous_3)","line":23,"loc":{"start":{"line":23,"column":24},"end":{"line":23,"column":36}}}},"statementMap":{"1":{"start":{"line":12,"column":0},"end":{"line":53,"column":5}},"2":{"start":{"line":14,"column":4},"end":{"line":14,"column":14}},"3":{"start":{"line":19,"column":4},"end":{"line":52,"column":9}},"4":{"start":{"line":21,"column":8},"end":{"line":21,"column":19}},"5":{"start":{"line":23,"column":8},"end":{"line":35,"column":13}},"6":{"start":{"line":24,"column":12},"end":{"line":34,"column":13}},"7":{"start":{"line":25,"column":16},"end":{"line":28,"column":30}},"8":{"start":{"line":30,"column":16},"end":{"line":33,"column":27}},"9":{"start":{"line":37,"column":8},"end":{"line":39,"column":21}},"10":{"start":{"line":41,"column":8},"end":{"line":41,"column":54}},"11":{"start":{"line":43,"column":8},"end":{"line":43,"column":50}},"12":{"start":{"line":45,"column":8},"end":{"line":51,"column":9}},"13":{"start":{"line":46,"column":12},"end":{"line":46,"column":56}},"14":{"start":{"line":48,"column":12},"end":{"line":48,"column":35}},"15":{"start":{"line":49,"column":12},"end":{"line":49,"column":49}},"16":{"start":{"line":50,"column":12},"end":{"line":50,"column":43}}},"branchMap":{"1":{"line":25,"type":"binary-expr","locations":[{"start":{"line":25,"column":23},"end":{"line":25,"column":62}},{"start":{"line":26,"column":20},"end":{"line":26,"column":70}},{"start":{"line":27,"column":20},"end":{"line":27,"column":71}},{"start":{"line":28,"column":20},"end":{"line":28,"column":29}}]},"2":{"line":30,"type":"binary-expr","locations":[{"start":{"line":30,"column":23},"end":{"line":30,"column":37}},{"start":{"line":31,"column":20},"end":{"line":31,"column":61}},{"start":{"line":32,"column":20},"end":{"line":32,"column":70}},{"start":{"line":33,"column":20},"end":{"line":33,"column":26}}]},"3":{"line":37,"type":"cond-expr","locations":[{"start":{"line":38,"column":14},"end":{"line":38,"column":20}},{"start":{"line":39,"column":14},"end":{"line":39,"column":20}}]},"4":{"line":41,"type":"binary-expr","locations":[{"start":{"line":41,"column":16},"end":{"line":41,"column":44}},{"start":{"line":41,"column":48},"end":{"line":41,"column":53}}]},"5":{"line":45,"type":"if","locations":[{"start":{"line":45,"column":8},"end":{"line":45,"column":8}},{"start":{"line":45,"column":8},"end":{"line":45,"column":8}}]}},"code":["/* istanbul instrument in package npmtest_wuzzy */","/*jslint","    bitwise: true,","    browser: true,","    maxerr: 8,","    maxlen: 96,","    node: true,","    nomen: true,","    regexp: true,","    stupid: true","*/","(function () {","    'use strict';","    var local;","","","","    // run shared js-env code - pre-init","    (function () {","        // init local","        local = {};","        // init modeJs","        local.modeJs = (function () {","            try {","                return typeof navigator.userAgent === 'string' &&","                    typeof document.querySelector('body') === 'object' &&","                    typeof XMLHttpRequest.prototype.open === 'function' &&","                    'browser';","            } catch (errorCaughtBrowser) {","                return module.exports &&","                    typeof process.versions.node === 'string' &&","                    typeof require('http').createServer === 'function' &&","                    'node';","            }","        }());","        // init global","        local.global = local.modeJs === 'browser'","            ? window","            : global;","        // init utility2_rollup","        local = local.global.utility2_rollup || local;","        // init lib","        local.local = local.npmtest_wuzzy = local;","        // init exports","        if (local.modeJs === 'browser') {","            local.global.utility2_npmtest_wuzzy = local;","        } else {","            module.exports = local;","            module.exports.__dirname = __dirname;","            module.exports.module = module;","        }","    }());","}());",""],"l":{"12":2,"14":2,"19":2,"21":2,"23":2,"24":2,"25":2,"30":1,"37":2,"41":2,"43":2,"45":2,"46":1,"48":1,"49":1,"50":1}},"/home/travis/build/npmtest/node-npmtest-wuzzy/example.js":{"path":"/home/travis/build/npmtest/node-npmtest-wuzzy/example.js","s":{"1":2,"2":2,"3":2,"4":2,"5":2,"6":2,"7":2,"8":1,"9":2,"10":2,"11":2,"12":2,"13":1,"14":2,"15":2,"16":2,"17":2,"18":2,"19":0,"20":2,"21":1,"22":1,"23":1,"24":1,"25":1,"26":0,"27":0,"28":1,"29":1,"30":2,"31":0,"32":0,"33":0,"34":1,"35":2,"36":2,"37":3,"38":3,"39":3,"40":3,"41":0,"42":3,"43":3,"44":3,"45":1,"46":3,"47":1,"48":1,"49":1,"50":1,"51":1,"52":1,"53":1,"54":1,"55":1,"56":1,"57":0,"58":1,"59":6,"60":6,"61":1,"62":2,"63":0,"64":2,"65":1,"66":1,"67":0,"68":0,"69":0,"70":0,"71":0,"72":0,"73":0,"74":0,"75":0,"76":0,"77":0,"78":0,"79":0,"80":0,"81":0,"82":0,"83":0},"b":{"1":[2,1,1,1],"2":[1,1,1,1],"3":[1,1],"4":[2,2],"5":[1,1],"6":[1,1],"7":[2,0],"8":[2,1,1,1,1,1],"9":[0,2,0],"10":[1,1],"11":[2,1,1],"12":[1,0],"13":[0,2],"14":[2,0,0,0,0,0,0],"15":[0,3],"16":[3,0],"17":[1,1],"18":[0,1],"19":[1,2,0,2],"20":[1,0],"21":[1,1],"22":[0,0],"23":[0,0],"24":[0,0],"25":[0,0],"26":[0,0],"27":[0,0],"28":[0,0]},"f":{"1":2,"2":2,"3":2,"4":2,"5":2,"6":2,"7":3,"8":3,"9":3,"10":1,"11":6,"12":0},"fnMap":{"1":{"name":"(anonymous_1)","line":26,"loc":{"start":{"line":26,"column":1},"end":{"line":26,"column":13}}},"2":{"name":"(anonymous_2)","line":33,"loc":{"start":{"line":33,"column":5},"end":{"line":33,"column":17}}},"3":{"name":"(anonymous_3)","line":37,"loc":{"start":{"line":37,"column":24},"end":{"line":37,"column":36}}},"4":{"name":"(anonymous_4)","line":69,"loc":{"start":{"line":69,"column":31},"end":{"line":69,"column":48}},"skip":true},"5":{"name":"(anonymous_5)","line":78,"loc":{"start":{"line":78,"column":26},"end":{"line":78,"column":45}},"skip":true},"6":{"name":"(anonymous_6)","line":123,"loc":{"start":{"line":123,"column":33},"end":{"line":123,"column":48}},"skip":true},"7":{"name":"(anonymous_7)","line":125,"loc":{"start":{"line":125,"column":27},"end":{"line":125,"column":39}},"skip":true},"8":{"name":"(anonymous_8)","line":133,"loc":{"start":{"line":133,"column":59},"end":{"line":133,"column":74}},"skip":true},"9":{"name":"(anonymous_9)","line":143,"loc":{"start":{"line":143,"column":45},"end":{"line":143,"column":62}},"skip":true},"10":{"name":"(anonymous_10)","line":144,"loc":{"start":{"line":144,"column":73},"end":{"line":144,"column":92}},"skip":true},"11":{"name":"(anonymous_11)","line":272,"loc":{"start":{"line":272,"column":51},"end":{"line":272,"column":77}},"skip":true},"12":{"name":"(anonymous_12)","line":315,"loc":{"start":{"line":315,"column":32},"end":{"line":315,"column":61}},"skip":true}},"statementMap":{"1":{"start":{"line":26,"column":0},"end":{"line":326,"column":5}},"2":{"start":{"line":28,"column":4},"end":{"line":28,"column":14}},"3":{"start":{"line":33,"column":4},"end":{"line":60,"column":9}},"4":{"start":{"line":35,"column":8},"end":{"line":35,"column":19}},"5":{"start":{"line":37,"column":8},"end":{"line":49,"column":13}},"6":{"start":{"line":38,"column":12},"end":{"line":48,"column":13}},"7":{"start":{"line":39,"column":16},"end":{"line":42,"column":30}},"8":{"start":{"line":44,"column":16},"end":{"line":47,"column":27}},"9":{"start":{"line":51,"column":8},"end":{"line":53,"column":21}},"10":{"start":{"line":55,"column":8},"end":{"line":57,"column":45}},"11":{"start":{"line":59,"column":8},"end":{"line":59,"column":35}},"12":{"start":{"line":61,"column":4},"end":{"line":325,"column":5}},"13":{"start":{"line":69,"column":8},"end":{"line":121,"column":10},"skip":true},"14":{"start":{"line":70,"column":12},"end":{"line":88,"column":13},"skip":true},"15":{"start":{"line":76,"column":16},"end":{"line":87,"column":19},"skip":true},"16":{"start":{"line":79,"column":20},"end":{"line":86,"column":21},"skip":true},"17":{"start":{"line":82,"column":24},"end":{"line":82,"column":43},"skip":true},"18":{"start":{"line":83,"column":24},"end":{"line":83,"column":30},"skip":true},"19":{"start":{"line":85,"column":24},"end":{"line":85,"column":49},"skip":true},"20":{"start":{"line":89,"column":12},"end":{"line":107,"column":13},"skip":true},"21":{"start":{"line":92,"column":16},"end":{"line":102,"column":17},"skip":true},"22":{"start":{"line":93,"column":20},"end":{"line":93,"column":86},"skip":true},"23":{"start":{"line":94,"column":20},"end":{"line":95,"column":45},"skip":true},"24":{"start":{"line":96,"column":20},"end":{"line":96,"column":42},"skip":true},"25":{"start":{"line":97,"column":20},"end":{"line":97,"column":48},"skip":true},"26":{"start":{"line":100,"column":20},"end":{"line":100,"column":85},"skip":true},"27":{"start":{"line":101,"column":20},"end":{"line":101,"column":96},"skip":true},"28":{"start":{"line":103,"column":16},"end":{"line":103,"column":22},"skip":true},"29":{"start":{"line":106,"column":16},"end":{"line":106,"column":22},"skip":true},"30":{"start":{"line":108,"column":12},"end":{"line":120,"column":13},"skip":true},"31":{"start":{"line":114,"column":16},"end":{"line":119,"column":17},"skip":true},"32":{"start":{"line":116,"column":20},"end":{"line":116,"column":78},"skip":true},"33":{"start":{"line":118,"column":20},"end":{"line":118,"column":47},"skip":true},"34":{"start":{"line":123,"column":8},"end":{"line":141,"column":11},"skip":true},"35":{"start":{"line":124,"column":12},"end":{"line":124,"column":54},"skip":true},"36":{"start":{"line":125,"column":12},"end":{"line":140,"column":14},"skip":true},"37":{"start":{"line":126,"column":16},"end":{"line":126,"column":28},"skip":true},"38":{"start":{"line":127,"column":16},"end":{"line":127,"column":69},"skip":true},"39":{"start":{"line":128,"column":16},"end":{"line":128,"column":75},"skip":true},"40":{"start":{"line":129,"column":16},"end":{"line":131,"column":17},"skip":true},"41":{"start":{"line":130,"column":20},"end":{"line":130,"column":27},"skip":true},"42":{"start":{"line":133,"column":16},"end":{"line":137,"column":36},"skip":true},"43":{"start":{"line":134,"column":20},"end":{"line":136,"column":55},"skip":true},"44":{"start":{"line":139,"column":16},"end":{"line":139,"column":57},"skip":true},"45":{"start":{"line":143,"column":8},"end":{"line":147,"column":11},"skip":true},"46":{"start":{"line":144,"column":12},"end":{"line":146,"column":15},"skip":true},"47":{"start":{"line":145,"column":16},"end":{"line":145,"column":70},"skip":true},"48":{"start":{"line":149,"column":8},"end":{"line":149,"column":31},"skip":true},"49":{"start":{"line":150,"column":8},"end":{"line":150,"column":14},"skip":true},"50":{"start":{"line":158,"column":8},"end":{"line":158,"column":31},"skip":true},"51":{"start":{"line":160,"column":8},"end":{"line":160,"column":33},"skip":true},"52":{"start":{"line":161,"column":8},"end":{"line":161,"column":37},"skip":true},"53":{"start":{"line":162,"column":8},"end":{"line":162,"column":35},"skip":true},"54":{"start":{"line":164,"column":8},"end":{"line":164,"column":50},"skip":true},"55":{"start":{"line":166,"column":8},"end":{"line":256,"column":2},"skip":true},"56":{"start":{"line":258,"column":8},"end":{"line":286,"column":9},"skip":true},"57":{"start":{"line":259,"column":12},"end":{"line":269,"column":14},"skip":true},"58":{"start":{"line":271,"column":12},"end":{"line":285,"column":19},"skip":true},"59":{"start":{"line":274,"column":20},"end":{"line":274,"column":35},"skip":true},"60":{"start":{"line":275,"column":20},"end":{"line":284,"column":21},"skip":true},"61":{"start":{"line":277,"column":24},"end":{"line":277,"column":64},"skip":true},"62":{"start":{"line":279,"column":24},"end":{"line":279,"column":40},"skip":true},"63":{"start":{"line":281,"column":24},"end":{"line":281,"column":40},"skip":true},"64":{"start":{"line":283,"column":24},"end":{"line":283,"column":39},"skip":true},"65":{"start":{"line":288,"column":8},"end":{"line":290,"column":9},"skip":true},"66":{"start":{"line":289,"column":12},"end":{"line":289,"column":18},"skip":true},"67":{"start":{"line":291,"column":8},"end":{"line":293,"column":54},"skip":true},"68":{"start":{"line":296,"column":8},"end":{"line":301,"column":37},"skip":true},"69":{"start":{"line":303,"column":8},"end":{"line":303,"column":82},"skip":true},"70":{"start":{"line":306,"column":8},"end":{"line":308,"column":9},"skip":true},"71":{"start":{"line":307,"column":12},"end":{"line":307,"column":82},"skip":true},"72":{"start":{"line":310,"column":8},"end":{"line":312,"column":9},"skip":true},"73":{"start":{"line":311,"column":12},"end":{"line":311,"column":18},"skip":true},"74":{"start":{"line":313,"column":8},"end":{"line":313,"column":54},"skip":true},"75":{"start":{"line":314,"column":8},"end":{"line":314,"column":69},"skip":true},"76":{"start":{"line":315,"column":8},"end":{"line":323,"column":36},"skip":true},"77":{"start":{"line":316,"column":12},"end":{"line":316,"column":61},"skip":true},"78":{"start":{"line":317,"column":12},"end":{"line":320,"column":13},"skip":true},"79":{"start":{"line":318,"column":16},"end":{"line":318,"column":75},"skip":true},"80":{"start":{"line":319,"column":16},"end":{"line":319,"column":23},"skip":true},"81":{"start":{"line":321,"column":12},"end":{"line":321,"column":38},"skip":true},"82":{"start":{"line":322,"column":12},"end":{"line":322,"column":27},"skip":true},"83":{"start":{"line":324,"column":8},"end":{"line":324,"column":14},"skip":true}},"branchMap":{"1":{"line":39,"type":"binary-expr","locations":[{"start":{"line":39,"column":23},"end":{"line":39,"column":62}},{"start":{"line":40,"column":20},"end":{"line":40,"column":70}},{"start":{"line":41,"column":20},"end":{"line":41,"column":71}},{"start":{"line":42,"column":20},"end":{"line":42,"column":29}}]},"2":{"line":44,"type":"binary-expr","locations":[{"start":{"line":44,"column":23},"end":{"line":44,"column":37}},{"start":{"line":45,"column":20},"end":{"line":45,"column":61}},{"start":{"line":46,"column":20},"end":{"line":46,"column":70}},{"start":{"line":47,"column":20},"end":{"line":47,"column":26}}]},"3":{"line":51,"type":"cond-expr","locations":[{"start":{"line":52,"column":14},"end":{"line":52,"column":20}},{"start":{"line":53,"column":14},"end":{"line":53,"column":20}}]},"4":{"line":55,"type":"binary-expr","locations":[{"start":{"line":55,"column":16},"end":{"line":55,"column":44}},{"start":{"line":55,"column":49},"end":{"line":57,"column":43}}]},"5":{"line":55,"type":"cond-expr","locations":[{"start":{"line":56,"column":14},"end":{"line":56,"column":49}},{"start":{"line":57,"column":14},"end":{"line":57,"column":43}}]},"6":{"line":61,"type":"switch","locations":[{"start":{"line":68,"column":4},"end":{"line":150,"column":14},"skip":true},{"start":{"line":156,"column":4},"end":{"line":324,"column":14},"skip":true}]},"7":{"line":70,"type":"if","locations":[{"start":{"line":70,"column":12},"end":{"line":70,"column":12},"skip":true},{"start":{"line":70,"column":12},"end":{"line":70,"column":12},"skip":true}]},"8":{"line":70,"type":"binary-expr","locations":[{"start":{"line":70,"column":16},"end":{"line":70,"column":22},"skip":true},{"start":{"line":70,"column":27},"end":{"line":70,"column":32},"skip":true},{"start":{"line":71,"column":20},"end":{"line":71,"column":39},"skip":true},{"start":{"line":72,"column":20},"end":{"line":72,"column":49},"skip":true},{"start":{"line":73,"column":20},"end":{"line":73,"column":58},"skip":true},{"start":{"line":74,"column":20},"end":{"line":74,"column":69},"skip":true}]},"9":{"line":79,"type":"switch","locations":[{"start":{"line":80,"column":20},"end":{"line":80,"column":33},"skip":true},{"start":{"line":81,"column":20},"end":{"line":83,"column":30},"skip":true},{"start":{"line":84,"column":20},"end":{"line":85,"column":49},"skip":true}]},"10":{"line":89,"type":"switch","locations":[{"start":{"line":90,"column":12},"end":{"line":103,"column":22},"skip":true},{"start":{"line":105,"column":12},"end":{"line":106,"column":22},"skip":true}]},"11":{"line":89,"type":"binary-expr","locations":[{"start":{"line":89,"column":20},"end":{"line":89,"column":25},"skip":true},{"start":{"line":89,"column":29},"end":{"line":89,"column":48},"skip":true},{"start":{"line":89,"column":52},"end":{"line":89,"column":74},"skip":true}]},"12":{"line":92,"type":"if","locations":[{"start":{"line":92,"column":16},"end":{"line":92,"column":16},"skip":true},{"start":{"line":92,"column":16},"end":{"line":92,"column":16},"skip":true}]},"13":{"line":108,"type":"if","locations":[{"start":{"line":108,"column":12},"end":{"line":108,"column":12},"skip":true},{"start":{"line":108,"column":12},"end":{"line":108,"column":12},"skip":true}]},"14":{"line":108,"type":"binary-expr","locations":[{"start":{"line":108,"column":16},"end":{"line":108,"column":61},"skip":true},{"start":{"line":108,"column":66},"end":{"line":108,"column":72},"skip":true},{"start":{"line":108,"column":77},"end":{"line":108,"column":82},"skip":true},{"start":{"line":109,"column":20},"end":{"line":109,"column":39},"skip":true},{"start":{"line":110,"column":20},"end":{"line":110,"column":49},"skip":true},{"start":{"line":111,"column":20},"end":{"line":111,"column":58},"skip":true},{"start":{"line":112,"column":20},"end":{"line":112,"column":68},"skip":true}]},"15":{"line":129,"type":"if","locations":[{"start":{"line":129,"column":16},"end":{"line":129,"column":16},"skip":true},{"start":{"line":129,"column":16},"end":{"line":129,"column":16},"skip":true}]},"16":{"line":134,"type":"cond-expr","locations":[{"start":{"line":135,"column":26},"end":{"line":135,"column":29},"skip":true},{"start":{"line":136,"column":26},"end":{"line":136,"column":54},"skip":true}]},"17":{"line":164,"type":"binary-expr","locations":[{"start":{"line":164,"column":27},"end":{"line":164,"column":43},"skip":true},{"start":{"line":164,"column":47},"end":{"line":164,"column":49},"skip":true}]},"18":{"line":258,"type":"if","locations":[{"start":{"line":258,"column":8},"end":{"line":258,"column":8},"skip":true},{"start":{"line":258,"column":8},"end":{"line":258,"column":8},"skip":true}]},"19":{"line":275,"type":"switch","locations":[{"start":{"line":276,"column":20},"end":{"line":277,"column":64},"skip":true},{"start":{"line":278,"column":20},"end":{"line":279,"column":40},"skip":true},{"start":{"line":280,"column":20},"end":{"line":281,"column":40},"skip":true},{"start":{"line":282,"column":20},"end":{"line":283,"column":39},"skip":true}]},"20":{"line":288,"type":"if","locations":[{"start":{"line":288,"column":8},"end":{"line":288,"column":8},"skip":true},{"start":{"line":288,"column":8},"end":{"line":288,"column":8},"skip":true}]},"21":{"line":288,"type":"binary-expr","locations":[{"start":{"line":288,"column":12},"end":{"line":288,"column":40},"skip":true},{"start":{"line":288,"column":44},"end":{"line":288,"column":67},"skip":true}]},"22":{"line":292,"type":"binary-expr","locations":[{"start":{"line":292,"column":12},"end":{"line":292,"column":50},"skip":true},{"start":{"line":293,"column":12},"end":{"line":293,"column":53},"skip":true}]},"23":{"line":297,"type":"binary-expr","locations":[{"start":{"line":297,"column":12},"end":{"line":297,"column":63},"skip":true},{"start":{"line":298,"column":12},"end":{"line":301,"column":36},"skip":true}]},"24":{"line":303,"type":"binary-expr","locations":[{"start":{"line":303,"column":43},"end":{"line":303,"column":75},"skip":true},{"start":{"line":303,"column":79},"end":{"line":303,"column":81},"skip":true}]},"25":{"line":306,"type":"if","locations":[{"start":{"line":306,"column":8},"end":{"line":306,"column":8},"skip":true},{"start":{"line":306,"column":8},"end":{"line":306,"column":8},"skip":true}]},"26":{"line":310,"type":"if","locations":[{"start":{"line":310,"column":8},"end":{"line":310,"column":8},"skip":true},{"start":{"line":310,"column":8},"end":{"line":310,"column":8},"skip":true}]},"27":{"line":313,"type":"binary-expr","locations":[{"start":{"line":313,"column":27},"end":{"line":313,"column":43},"skip":true},{"start":{"line":313,"column":47},"end":{"line":313,"column":53},"skip":true}]},"28":{"line":317,"type":"if","locations":[{"start":{"line":317,"column":12},"end":{"line":317,"column":12},"skip":true},{"start":{"line":317,"column":12},"end":{"line":317,"column":12},"skip":true}]}},"code":["/*","example.js","","quickstart example","","instruction","    1. save this script as example.js","    2. run the shell command:","        $ npm install npmtest-wuzzy && PORT=8081 node example.js","    3. play with the browser-demo on http://127.0.0.1:8081","*/","","","","/* istanbul instrument in package npmtest_wuzzy */","/*jslint","    bitwise: true,","    browser: true,","    maxerr: 8,","    maxlen: 96,","    node: true,","    nomen: true,","    regexp: true,","    stupid: true","*/","(function () {","    'use strict';","    var local;","","","","    // run shared js-env code - pre-init","    (function () {","        // init local","        local = {};","        // init modeJs","        local.modeJs = (function () {","            try {","                return typeof navigator.userAgent === 'string' &&","                    typeof document.querySelector('body') === 'object' &&","                    typeof XMLHttpRequest.prototype.open === 'function' &&","                    'browser';","            } catch (errorCaughtBrowser) {","                return module.exports &&","                    typeof process.versions.node === 'string' &&","                    typeof require('http').createServer === 'function' &&","                    'node';","            }","        }());","        // init global","        local.global = local.modeJs === 'browser'","            ? window","            : global;","        // init utility2_rollup","        local = local.global.utility2_rollup || (local.modeJs === 'browser'","            ? local.global.utility2_npmtest_wuzzy","            : global.utility2_moduleExports);","        // export local","        local.global.local = local;","    }());","    switch (local.modeJs) {","","","","    // post-init","    // run browser js-env code - post-init","    /* istanbul ignore next */","    case 'browser':","        local.testRunBrowser = function (event) {","            if (!event || (event &&","                    event.currentTarget &&","                    event.currentTarget.className &&","                    event.currentTarget.className.includes &&","                    event.currentTarget.className.includes('onreset'))) {","                // reset output","                Array.from(","                    document.querySelectorAll('body > .resettable')","                ).forEach(function (element) {","                    switch (element.tagName) {","                    case 'INPUT':","                    case 'TEXTAREA':","                        element.value = '';","                        break;","                    default:","                        element.textContent = '';","                    }","                });","            }","            switch (event && event.currentTarget && event.currentTarget.id) {","            case 'testRunButton1':","                // show tests","                if (document.querySelector('#testReportDiv1').style.display === 'none') {","                    document.querySelector('#testReportDiv1').style.display = 'block';","                    document.querySelector('#testRunButton1').textContent =","                        'hide internal test';","                    local.modeTest = true;","                    local.testRunDefault(local);","                // hide tests","                } else {","                    document.querySelector('#testReportDiv1').style.display = 'none';","                    document.querySelector('#testRunButton1').textContent = 'run internal test';","                }","                break;","            // custom-case","            default:","                break;","            }","            if (document.querySelector('#inputTextareaEval1') && (!event || (event &&","                    event.currentTarget &&","                    event.currentTarget.className &&","                    event.currentTarget.className.includes &&","                    event.currentTarget.className.includes('oneval')))) {","                // try to eval input-code","                try {","                    /*jslint evil: true*/","                    eval(document.querySelector('#inputTextareaEval1').value);","                } catch (errorCaught) {","                    console.error(errorCaught);","                }","            }","        };","        // log stderr and stdout to #outputTextareaStdout1","        ['error', 'log'].forEach(function (key) {","            console[key + '_original'] = console[key];","            console[key] = function () {","                var element;","                console[key + '_original'].apply(console, arguments);","                element = document.querySelector('#outputTextareaStdout1');","                if (!element) {","                    return;","                }","                // append text to #outputTextareaStdout1","                element.value += Array.from(arguments).map(function (arg) {","                    return typeof arg === 'string'","                        ? arg","                        : JSON.stringify(arg, null, 4);","                }).join(' ') + '\\n';","                // scroll textarea to bottom","                element.scrollTop = element.scrollHeight;","            };","        });","        // init event-handling","        ['change', 'click', 'keyup'].forEach(function (event) {","            Array.from(document.querySelectorAll('.on' + event)).forEach(function (element) {","                element.addEventListener(event, local.testRunBrowser);","            });","        });","        // run tests","        local.testRunBrowser();","        break;","","","","    // run node js-env code - post-init","    /* istanbul ignore next */","    case 'node':","        // export local","        module.exports = local;","        // require modules","        local.fs = require('fs');","        local.http = require('http');","        local.url = require('url');","        // init assets","        local.assetsDict = local.assetsDict || {};","        /* jslint-ignore-begin */","        local.assetsDict['/assets.index.template.html'] = '\\","<!doctype html>\\n\\","<html lang=\"en\">\\n\\","<head>\\n\\","<meta charset=\"UTF-8\">\\n\\","<meta name=\"viewport\" content=\"width=device-width, initial-scale=1\">\\n\\","<title>{{env.npm_package_name}} (v{{env.npm_package_version}})</title>\\n\\","<style>\\n\\","/*csslint\\n\\","    box-sizing: false,\\n\\","    universal-selector: false\\n\\","*/\\n\\","* {\\n\\","    box-sizing: border-box;\\n\\","}\\n\\","body {\\n\\","    background: #dde;\\n\\","    font-family: Arial, Helvetica, sans-serif;\\n\\","    margin: 2rem;\\n\\","}\\n\\","body > * {\\n\\","    margin-bottom: 1rem;\\n\\","}\\n\\",".utility2FooterDiv {\\n\\","    margin-top: 20px;\\n\\","    text-align: center;\\n\\","}\\n\\","</style>\\n\\","<style>\\n\\","/*csslint\\n\\","*/\\n\\","textarea {\\n\\","    font-family: monospace;\\n\\","    height: 10rem;\\n\\","    width: 100%;\\n\\","}\\n\\","textarea[readonly] {\\n\\","    background: #ddd;\\n\\","}\\n\\","</style>\\n\\","</head>\\n\\","<body>\\n\\","<!-- utility2-comment\\n\\","<div id=\"ajaxProgressDiv1\" style=\"background: #d00; height: 2px; left: 0; margin: 0; padding: 0; position: fixed; top: 0; transition: background 0.5s, width 1.5s; width: 25%;\"></div>\\n\\","utility2-comment -->\\n\\","<h1>\\n\\","<!-- utility2-comment\\n\\","    <a\\n\\","        {{#if env.npm_package_homepage}}\\n\\","        href=\"{{env.npm_package_homepage}}\"\\n\\","        {{/if env.npm_package_homepage}}\\n\\","        target=\"_blank\"\\n\\","    >\\n\\","utility2-comment -->\\n\\","        {{env.npm_package_name}} (v{{env.npm_package_version}})\\n\\","<!-- utility2-comment\\n\\","    </a>\\n\\","utility2-comment -->\\n\\","</h1>\\n\\","<h3>{{env.npm_package_description}}</h3>\\n\\","<!-- utility2-comment\\n\\","<h4><a download href=\"assets.app.js\">download standalone app</a></h4>\\n\\","<button class=\"onclick onreset\" id=\"testRunButton1\">run internal test</button><br>\\n\\","<div id=\"testReportDiv1\" style=\"display: none;\"></div>\\n\\","utility2-comment -->\\n\\","\\n\\","\\n\\","\\n\\","<label>stderr and stdout</label>\\n\\","<textarea class=\"resettable\" id=\"outputTextareaStdout1\" readonly></textarea>\\n\\","<!-- utility2-comment\\n\\","{{#if isRollup}}\\n\\","<script src=\"assets.app.js\"></script>\\n\\","{{#unless isRollup}}\\n\\","utility2-comment -->\\n\\","<script src=\"assets.utility2.rollup.js\"></script>\\n\\","<script src=\"jsonp.utility2._stateInit?callback=window.utility2._stateInit\"></script>\\n\\","<script src=\"assets.npmtest_wuzzy.rollup.js\"></script>\\n\\","<script src=\"assets.example.js\"></script>\\n\\","<script src=\"assets.test.js\"></script>\\n\\","<!-- utility2-comment\\n\\","{{/if isRollup}}\\n\\","utility2-comment -->\\n\\","<div class=\"utility2FooterDiv\">\\n\\","    [ this app was created with\\n\\","    <a href=\"https://github.com/kaizhu256/node-utility2\" target=\"_blank\">utility2</a>\\n\\","    ]\\n\\","</div>\\n\\","</body>\\n\\","</html>\\n\\","';","        /* jslint-ignore-end */","        if (local.templateRender) {","            local.assetsDict['/'] = local.templateRender(","                local.assetsDict['/assets.index.template.html'],","                {","                    env: local.objectSetDefault(local.env, {","                        npm_package_description: 'the greatest app in the world!',","                        npm_package_name: 'my-app',","                        npm_package_nameAlias: 'my_app',","                        npm_package_version: '0.0.1'","                    })","                }","            );","        } else {","            local.assetsDict['/'] = local.assetsDict['/assets.index.template.html']","                .replace((/\\{\\{env\\.(\\w+?)\\}\\}/g), function (match0, match1) {","                    // jslint-hack","                    String(match0);","                    switch (match1) {","                    case 'npm_package_description':","                        return 'the greatest app in the world!';","                    case 'npm_package_name':","                        return 'my-app';","                    case 'npm_package_nameAlias':","                        return 'my_app';","                    case 'npm_package_version':","                        return '0.0.1';","                    }","                });","        }","        // run the cli","        if (local.global.utility2_rollup || module !== require.main) {","            break;","        }","        local.assetsDict['/assets.example.js'] =","            local.assetsDict['/assets.example.js'] ||","            local.fs.readFileSync(__filename, 'utf8');","        // bug-workaround - long $npm_package_buildCustomOrg","        /* jslint-ignore-begin */","        local.assetsDict['/assets.npmtest_wuzzy.rollup.js'] =","            local.assetsDict['/assets.npmtest_wuzzy.rollup.js'] ||","            local.fs.readFileSync(","                local.npmtest_wuzzy.__dirname + '/lib.npmtest_wuzzy.js',","                'utf8'","            ).replace((/^#!/), '//');","        /* jslint-ignore-end */","        local.assetsDict['/favicon.ico'] = local.assetsDict['/favicon.ico'] || '';","        // if $npm_config_timeout_exit exists,","        // then exit this process after $npm_config_timeout_exit ms","        if (Number(process.env.npm_config_timeout_exit)) {","            setTimeout(process.exit, Number(process.env.npm_config_timeout_exit));","        }","        // start server","        if (local.global.utility2_serverHttp1) {","            break;","        }","        process.env.PORT = process.env.PORT || '8081';","        console.error('server starting on port ' + process.env.PORT);","        local.http.createServer(function (request, response) {","            request.urlParsed = local.url.parse(request.url);","            if (local.assetsDict[request.urlParsed.pathname] !== undefined) {","                response.end(local.assetsDict[request.urlParsed.pathname]);","                return;","            }","            response.statusCode = 404;","            response.end();","        }).listen(process.env.PORT);","        break;","    }","}());",""],"l":{"26":2,"28":2,"33":2,"35":2,"37":2,"38":2,"39":2,"44":1,"51":2,"55":2,"59":2,"61":2,"69":1,"70":2,"76":2,"79":2,"82":2,"83":2,"85":1,"89":2,"92":1,"93":1,"94":1,"96":1,"97":1,"100":1,"101":1,"103":1,"106":1,"108":2,"114":1,"116":1,"118":1,"123":1,"124":2,"125":2,"126":3,"127":3,"128":3,"129":3,"130":1,"133":3,"134":3,"139":3,"143":1,"144":3,"145":1,"149":1,"150":1,"158":1,"160":1,"161":1,"162":1,"164":1,"166":1,"258":1,"259":1,"271":1,"274":6,"275":6,"277":1,"279":2,"281":1,"283":2,"288":1,"289":1,"291":1,"296":1,"303":1,"306":1,"307":1,"310":1,"311":1,"313":1,"314":1,"315":1,"316":1,"317":1,"318":1,"319":1,"321":1,"322":1,"324":1}},"/home/travis/build/npmtest/node-npmtest-wuzzy/node_modules/wuzzy/index.js":{"path":"/home/travis/build/npmtest/node-npmtest-wuzzy/node_modules/wuzzy/index.js","s":{"1":1,"2":1,"3":0,"4":0,"5":1,"6":0,"7":0,"8":0,"9":0,"10":0,"11":1,"12":0,"13":0,"14":0,"15":0,"16":0,"17":0,"18":0,"19":0,"20":0,"21":0,"22":0,"23":0,"24":0,"25":0,"26":0,"27":0,"28":0,"29":0,"30":0,"31":0,"32":0,"33":0,"34":0,"35":0,"36":0,"37":0,"38":0,"39":0,"40":0,"41":0,"42":0,"43":0,"44":0,"45":0,"46":0,"47":0,"48":0,"49":0,"50":0,"51":0,"52":0,"53":0,"54":0,"55":0,"56":0,"57":0,"58":0,"59":0,"60":0,"61":0,"62":1,"63":0,"64":0,"65":0,"66":0,"67":0,"68":0,"69":0,"70":0,"71":0,"72":0,"73":0,"74":0,"75":0,"76":0,"77":0,"78":0,"79":0,"80":0,"81":0,"82":0,"83":0,"84":0,"85":0,"86":0,"87":1,"88":0,"89":0,"90":0,"91":0,"92":0,"93":0,"94":0,"95":0,"96":0,"97":0,"98":0,"99":0,"100":0,"101":0,"102":0,"103":0,"104":0,"105":0,"106":0,"107":0,"108":0,"109":0,"110":0,"111":0,"112":0,"113":0,"114":0,"115":0,"116":0,"117":0,"118":0,"119":0,"120":0,"121":0,"122":0,"123":0,"124":0,"125":0,"126":0,"127":0,"128":0,"129":0,"130":0,"131":0,"132":0,"133":0,"134":0,"135":0,"136":0,"137":0,"138":0,"139":1,"140":0,"141":0,"142":0,"143":0,"144":0,"145":0,"146":0,"147":0,"148":0,"149":0,"150":0,"151":0,"152":0,"153":0,"154":0,"155":0,"156":0,"157":0,"158":0,"159":0,"160":0,"161":0,"162":1,"163":0,"164":0,"165":0,"166":1,"167":0,"168":0,"169":0,"170":0},"b":{"1":[0,0],"2":[0,0],"3":[0,0],"4":[0,0],"5":[0,0],"6":[0,0],"7":[0,0],"8":[0,0],"9":[0,0],"10":[0,0],"11":[0,0],"12":[0,0],"13":[0,0],"14":[0,0],"15":[0,0],"16":[0,0],"17":[0,0],"18":[0,0],"19":[0,0],"20":[0,0],"21":[0,0],"22":[0,0],"23":[0,0],"24":[0,0],"25":[0,0],"26":[0,0],"27":[0,0],"28":[0,0],"29":[0,0],"30":[0,0]},"f":{"1":0,"2":0,"3":0,"4":0,"5":0,"6":0,"7":0,"8":0,"9":0,"10":0,"11":0,"12":0,"13":0,"14":0,"15":0},"fnMap":{"1":{"name":"sum","line":3,"loc":{"start":{"line":3,"column":0},"end":{"line":3,"column":19}}},"2":{"name":"(anonymous_2)","line":4,"loc":{"start":{"line":4,"column":19},"end":{"line":4,"column":41}}},"3":{"name":"ensureArr","line":9,"loc":{"start":{"line":9,"column":0},"end":{"line":9,"column":25}}},"4":{"name":"(anonymous_4)","line":46,"loc":{"start":{"line":46,"column":22},"end":{"line":46,"column":41}}},"5":{"name":"(anonymous_5)","line":153,"loc":{"start":{"line":153,"column":22},"end":{"line":153,"column":41}}},"6":{"name":"(anonymous_6)","line":230,"loc":{"start":{"line":230,"column":16},"end":{"line":230,"column":36}}},"7":{"name":"(anonymous_7)","line":343,"loc":{"start":{"line":343,"column":18},"end":{"line":343,"column":34}}},"8":{"name":"(anonymous_8)","line":345,"loc":{"start":{"line":345,"column":24},"end":{"line":345,"column":37}}},"9":{"name":"(anonymous_9)","line":356,"loc":{"start":{"line":356,"column":21},"end":{"line":356,"column":34}}},"10":{"name":"(anonymous_10)","line":359,"loc":{"start":{"line":359,"column":21},"end":{"line":359,"column":34}}},"11":{"name":"(anonymous_11)","line":363,"loc":{"start":{"line":363,"column":22},"end":{"line":363,"column":35}}},"12":{"name":"(anonymous_12)","line":367,"loc":{"start":{"line":367,"column":22},"end":{"line":367,"column":35}}},"13":{"name":"(anonymous_13)","line":371,"loc":{"start":{"line":371,"column":21},"end":{"line":371,"column":34}}},"14":{"name":"(anonymous_14)","line":418,"loc":{"start":{"line":418,"column":18},"end":{"line":418,"column":34}}},"15":{"name":"(anonymous_15)","line":457,"loc":{"start":{"line":457,"column":19},"end":{"line":457,"column":35}}}},"statementMap":{"1":{"start":{"line":1,"column":0},"end":{"line":1,"column":26}},"2":{"start":{"line":3,"column":0},"end":{"line":7,"column":1}},"3":{"start":{"line":4,"column":1},"end":{"line":6,"column":4}},"4":{"start":{"line":5,"column":2},"end":{"line":5,"column":15}},"5":{"start":{"line":9,"column":0},"end":{"line":17,"column":1}},"6":{"start":{"line":10,"column":1},"end":{"line":16,"column":2}},"7":{"start":{"line":11,"column":2},"end":{"line":11,"column":13}},"8":{"start":{"line":12,"column":8},"end":{"line":16,"column":2}},"9":{"start":{"line":13,"column":2},"end":{"line":13,"column":23}},"10":{"start":{"line":15,"column":2},"end":{"line":15,"column":54}},"11":{"start":{"line":46,"column":0},"end":{"line":121,"column":1}},"12":{"start":{"line":47,"column":1},"end":{"line":47,"column":18}},"13":{"start":{"line":48,"column":1},"end":{"line":48,"column":18}},"14":{"start":{"line":50,"column":1},"end":{"line":50,"column":14}},"15":{"start":{"line":51,"column":1},"end":{"line":57,"column":2}},"16":{"start":{"line":52,"column":2},"end":{"line":52,"column":10}},"17":{"start":{"line":53,"column":2},"end":{"line":53,"column":10}},"18":{"start":{"line":55,"column":2},"end":{"line":55,"column":10}},"19":{"start":{"line":56,"column":2},"end":{"line":56,"column":10}},"20":{"start":{"line":58,"column":1},"end":{"line":58,"column":28}},"21":{"start":{"line":59,"column":1},"end":{"line":59,"column":17}},"22":{"start":{"line":60,"column":1},"end":{"line":60,"column":59}},"23":{"start":{"line":61,"column":1},"end":{"line":61,"column":15}},"24":{"start":{"line":62,"column":1},"end":{"line":62,"column":15}},"25":{"start":{"line":63,"column":1},"end":{"line":63,"column":20}},"26":{"start":{"line":64,"column":1},"end":{"line":64,"column":17}},"27":{"start":{"line":65,"column":1},"end":{"line":77,"column":2}},"28":{"start":{"line":66,"column":2},"end":{"line":66,"column":15}},"29":{"start":{"line":67,"column":2},"end":{"line":76,"column":3}},"30":{"start":{"line":70,"column":3},"end":{"line":75,"column":4}},"31":{"start":{"line":71,"column":4},"end":{"line":71,"column":18}},"32":{"start":{"line":72,"column":4},"end":{"line":72,"column":20}},"33":{"start":{"line":73,"column":4},"end":{"line":73,"column":14}},"34":{"start":{"line":74,"column":4},"end":{"line":74,"column":10}},"35":{"start":{"line":79,"column":1},"end":{"line":79,"column":13}},"36":{"start":{"line":80,"column":1},"end":{"line":80,"column":13}},"37":{"start":{"line":81,"column":1},"end":{"line":81,"column":11}},"38":{"start":{"line":82,"column":1},"end":{"line":82,"column":15}},"39":{"start":{"line":83,"column":1},"end":{"line":83,"column":16}},"40":{"start":{"line":84,"column":1},"end":{"line":89,"column":2}},"41":{"start":{"line":85,"column":2},"end":{"line":88,"column":3}},"42":{"start":{"line":86,"column":3},"end":{"line":86,"column":19}},"43":{"start":{"line":87,"column":3},"end":{"line":87,"column":8}},"44":{"start":{"line":90,"column":1},"end":{"line":95,"column":2}},"45":{"start":{"line":91,"column":2},"end":{"line":94,"column":3}},"46":{"start":{"line":92,"column":3},"end":{"line":92,"column":19}},"47":{"start":{"line":93,"column":3},"end":{"line":93,"column":8}},"48":{"start":{"line":96,"column":1},"end":{"line":100,"column":2}},"49":{"start":{"line":97,"column":2},"end":{"line":99,"column":3}},"50":{"start":{"line":98,"column":3},"end":{"line":98,"column":11}},"51":{"start":{"line":101,"column":1},"end":{"line":107,"column":2}},"52":{"start":{"line":102,"column":2},"end":{"line":106,"column":3}},"53":{"start":{"line":103,"column":3},"end":{"line":103,"column":12}},"54":{"start":{"line":105,"column":3},"end":{"line":105,"column":9}},"55":{"start":{"line":109,"column":1},"end":{"line":109,"column":17}},"56":{"start":{"line":110,"column":1},"end":{"line":110,"column":19}},"57":{"start":{"line":111,"column":1},"end":{"line":119,"column":2}},"58":{"start":{"line":112,"column":2},"end":{"line":112,"column":11}},"59":{"start":{"line":114,"column":2},"end":{"line":114,"column":57}},"60":{"start":{"line":115,"column":2},"end":{"line":117,"column":64}},"61":{"start":{"line":118,"column":2},"end":{"line":118,"column":12}},"62":{"start":{"line":153,"column":0},"end":{"line":200,"column":1}},"63":{"start":{"line":154,"column":1},"end":{"line":154,"column":18}},"64":{"start":{"line":155,"column":1},"end":{"line":155,"column":18}},"65":{"start":{"line":157,"column":1},"end":{"line":159,"column":2}},"66":{"start":{"line":158,"column":2},"end":{"line":158,"column":18}},"67":{"start":{"line":160,"column":1},"end":{"line":162,"column":2}},"68":{"start":{"line":161,"column":2},"end":{"line":161,"column":18}},"69":{"start":{"line":164,"column":1},"end":{"line":168,"column":4}},"70":{"start":{"line":169,"column":1},"end":{"line":169,"column":13}},"71":{"start":{"line":170,"column":1},"end":{"line":170,"column":13}},"72":{"start":{"line":171,"column":1},"end":{"line":171,"column":25}},"73":{"start":{"line":172,"column":1},"end":{"line":172,"column":9}},"74":{"start":{"line":173,"column":1},"end":{"line":173,"column":10}},"75":{"start":{"line":174,"column":1},"end":{"line":174,"column":10}},"76":{"start":{"line":176,"column":1},"end":{"line":178,"column":2}},"77":{"start":{"line":177,"column":2},"end":{"line":177,"column":12}},"78":{"start":{"line":180,"column":1},"end":{"line":195,"column":2}},"79":{"start":{"line":181,"column":2},"end":{"line":181,"column":16}},"80":{"start":{"line":183,"column":2},"end":{"line":190,"column":3}},"81":{"start":{"line":184,"column":3},"end":{"line":184,"column":42}},"82":{"start":{"line":185,"column":3},"end":{"line":189,"column":5}},"83":{"start":{"line":192,"column":2},"end":{"line":194,"column":3}},"84":{"start":{"line":193,"column":3},"end":{"line":193,"column":17}},"85":{"start":{"line":197,"column":1},"end":{"line":197,"column":37}},"86":{"start":{"line":199,"column":1},"end":{"line":199,"column":37}},"87":{"start":{"line":230,"column":0},"end":{"line":316,"column":1}},"88":{"start":{"line":231,"column":1},"end":{"line":231,"column":18}},"89":{"start":{"line":232,"column":1},"end":{"line":232,"column":18}},"90":{"start":{"line":234,"column":1},"end":{"line":234,"column":19}},"91":{"start":{"line":235,"column":1},"end":{"line":235,"column":19}},"92":{"start":{"line":236,"column":1},"end":{"line":236,"column":23}},"93":{"start":{"line":237,"column":1},"end":{"line":237,"column":10}},"94":{"start":{"line":238,"column":1},"end":{"line":238,"column":26}},"95":{"start":{"line":239,"column":1},"end":{"line":239,"column":13}},"96":{"start":{"line":240,"column":1},"end":{"line":240,"column":13}},"97":{"start":{"line":241,"column":1},"end":{"line":241,"column":12}},"98":{"start":{"line":242,"column":1},"end":{"line":242,"column":13}},"99":{"start":{"line":243,"column":1},"end":{"line":243,"column":14}},"100":{"start":{"line":244,"column":1},"end":{"line":244,"column":18}},"101":{"start":{"line":247,"column":1},"end":{"line":253,"column":2}},"102":{"start":{"line":248,"column":2},"end":{"line":252,"column":3}},"103":{"start":{"line":249,"column":3},"end":{"line":249,"column":12}},"104":{"start":{"line":251,"column":3},"end":{"line":251,"column":12}},"105":{"start":{"line":256,"column":1},"end":{"line":256,"column":10}},"106":{"start":{"line":257,"column":1},"end":{"line":264,"column":2}},"107":{"start":{"line":258,"column":2},"end":{"line":262,"column":3}},"108":{"start":{"line":259,"column":3},"end":{"line":261,"column":4}},"109":{"start":{"line":260,"column":4},"end":{"line":260,"column":11}},"110":{"start":{"line":263,"column":2},"end":{"line":263,"column":33}},"111":{"start":{"line":266,"column":1},"end":{"line":272,"column":2}},"112":{"start":{"line":267,"column":2},"end":{"line":271,"column":3}},"113":{"start":{"line":268,"column":3},"end":{"line":268,"column":13}},"114":{"start":{"line":270,"column":3},"end":{"line":270,"column":24}},"115":{"start":{"line":274,"column":1},"end":{"line":276,"column":2}},"116":{"start":{"line":275,"column":2},"end":{"line":275,"column":11}},"117":{"start":{"line":278,"column":1},"end":{"line":313,"column":2}},"118":{"start":{"line":279,"column":2},"end":{"line":288,"column":3}},"119":{"start":{"line":280,"column":3},"end":{"line":282,"column":4}},"120":{"start":{"line":281,"column":4},"end":{"line":281,"column":16}},"121":{"start":{"line":283,"column":3},"end":{"line":285,"column":4}},"122":{"start":{"line":284,"column":4},"end":{"line":284,"column":30}},"123":{"start":{"line":287,"column":3},"end":{"line":287,"column":27}},"124":{"start":{"line":289,"column":2},"end":{"line":289,"column":11}},"125":{"start":{"line":290,"column":2},"end":{"line":308,"column":3}},"126":{"start":{"line":291,"column":3},"end":{"line":291,"column":12}},"127":{"start":{"line":292,"column":3},"end":{"line":292,"column":10}},"128":{"start":{"line":293,"column":3},"end":{"line":299,"column":4}},"129":{"start":{"line":294,"column":4},"end":{"line":298,"column":5}},"130":{"start":{"line":295,"column":5},"end":{"line":295,"column":12}},"131":{"start":{"line":296,"column":11},"end":{"line":298,"column":5}},"132":{"start":{"line":297,"column":5},"end":{"line":297,"column":10}},"133":{"start":{"line":300,"column":3},"end":{"line":300,"column":18}},"134":{"start":{"line":301,"column":3},"end":{"line":307,"column":5}},"135":{"start":{"line":310,"column":2},"end":{"line":310,"column":9}},"136":{"start":{"line":311,"column":2},"end":{"line":311,"column":8}},"137":{"start":{"line":312,"column":2},"end":{"line":312,"column":9}},"138":{"start":{"line":315,"column":1},"end":{"line":315,"column":41}},"139":{"start":{"line":343,"column":0},"end":{"line":383,"column":1}},"140":{"start":{"line":344,"column":1},"end":{"line":344,"column":13}},"141":{"start":{"line":345,"column":1},"end":{"line":349,"column":4}},"142":{"start":{"line":346,"column":2},"end":{"line":348,"column":3}},"143":{"start":{"line":347,"column":3},"end":{"line":347,"column":14}},"144":{"start":{"line":350,"column":1},"end":{"line":350,"column":19}},"145":{"start":{"line":352,"column":1},"end":{"line":354,"column":2}},"146":{"start":{"line":353,"column":2},"end":{"line":353,"column":11}},"147":{"start":{"line":356,"column":1},"end":{"line":358,"column":5}},"148":{"start":{"line":357,"column":2},"end":{"line":357,"column":14}},"149":{"start":{"line":359,"column":1},"end":{"line":361,"column":5}},"150":{"start":{"line":360,"column":2},"end":{"line":360,"column":14}},"151":{"start":{"line":363,"column":1},"end":{"line":365,"column":5}},"152":{"start":{"line":364,"column":2},"end":{"line":364,"column":27}},"153":{"start":{"line":367,"column":1},"end":{"line":369,"column":5}},"154":{"start":{"line":368,"column":2},"end":{"line":368,"column":27}},"155":{"start":{"line":371,"column":1},"end":{"line":373,"column":5}},"156":{"start":{"line":372,"column":2},"end":{"line":372,"column":21}},"157":{"start":{"line":375,"column":1},"end":{"line":375,"column":30}},"158":{"start":{"line":376,"column":1},"end":{"line":376,"column":80}},"159":{"start":{"line":378,"column":1},"end":{"line":382,"column":2}},"160":{"start":{"line":379,"column":2},"end":{"line":379,"column":11}},"161":{"start":{"line":381,"column":2},"end":{"line":381,"column":19}},"162":{"start":{"line":418,"column":0},"end":{"line":423,"column":1}},"163":{"start":{"line":419,"column":1},"end":{"line":419,"column":18}},"164":{"start":{"line":420,"column":1},"end":{"line":420,"column":18}},"165":{"start":{"line":422,"column":1},"end":{"line":422,"column":61}},"166":{"start":{"line":457,"column":0},"end":{"line":463,"column":1}},"167":{"start":{"line":458,"column":1},"end":{"line":458,"column":18}},"168":{"start":{"line":459,"column":1},"end":{"line":459,"column":18}},"169":{"start":{"line":461,"column":1},"end":{"line":461,"column":40}},"170":{"start":{"line":462,"column":1},"end":{"line":462,"column":47}}},"branchMap":{"1":{"line":10,"type":"if","locations":[{"start":{"line":10,"column":1},"end":{"line":10,"column":1}},{"start":{"line":10,"column":1},"end":{"line":10,"column":1}}]},"2":{"line":12,"type":"if","locations":[{"start":{"line":12,"column":8},"end":{"line":12,"column":8}},{"start":{"line":12,"column":8},"end":{"line":12,"column":8}}]},"3":{"line":51,"type":"if","locations":[{"start":{"line":51,"column":1},"end":{"line":51,"column":1}},{"start":{"line":51,"column":1},"end":{"line":51,"column":1}}]},"4":{"line":58,"type":"cond-expr","locations":[{"start":{"line":58,"column":21},"end":{"line":58,"column":22}},{"start":{"line":58,"column":25},"end":{"line":58,"column":27}}]},"5":{"line":70,"type":"if","locations":[{"start":{"line":70,"column":3},"end":{"line":70,"column":3}},{"start":{"line":70,"column":3},"end":{"line":70,"column":3}}]},"6":{"line":70,"type":"binary-expr","locations":[{"start":{"line":70,"column":7},"end":{"line":70,"column":16}},{"start":{"line":70,"column":21},"end":{"line":70,"column":35}}]},"7":{"line":85,"type":"if","locations":[{"start":{"line":85,"column":2},"end":{"line":85,"column":2}},{"start":{"line":85,"column":2},"end":{"line":85,"column":2}}]},"8":{"line":91,"type":"if","locations":[{"start":{"line":91,"column":2},"end":{"line":91,"column":2}},{"start":{"line":91,"column":2},"end":{"line":91,"column":2}}]},"9":{"line":97,"type":"if","locations":[{"start":{"line":97,"column":2},"end":{"line":97,"column":2}},{"start":{"line":97,"column":2},"end":{"line":97,"column":2}}]},"10":{"line":102,"type":"if","locations":[{"start":{"line":102,"column":2},"end":{"line":102,"column":2}},{"start":{"line":102,"column":2},"end":{"line":102,"column":2}}]},"11":{"line":111,"type":"if","locations":[{"start":{"line":111,"column":1},"end":{"line":111,"column":1}},{"start":{"line":111,"column":1},"end":{"line":111,"column":1}}]},"12":{"line":115,"type":"cond-expr","locations":[{"start":{"line":116,"column":5},"end":{"line":116,"column":6}},{"start":{"line":117,"column":6},"end":{"line":117,"column":61}}]},"13":{"line":157,"type":"if","locations":[{"start":{"line":157,"column":1},"end":{"line":157,"column":1}},{"start":{"line":157,"column":1},"end":{"line":157,"column":1}}]},"14":{"line":160,"type":"if","locations":[{"start":{"line":160,"column":1},"end":{"line":160,"column":1}},{"start":{"line":160,"column":1},"end":{"line":160,"column":1}}]},"15":{"line":164,"type":"cond-expr","locations":[{"start":{"line":164,"column":20},"end":{"line":164,"column":21}},{"start":{"line":164,"column":24},"end":{"line":168,"column":2}}]},"16":{"line":184,"type":"cond-expr","locations":[{"start":{"line":184,"column":28},"end":{"line":184,"column":29}},{"start":{"line":184,"column":32},"end":{"line":184,"column":41}}]},"17":{"line":236,"type":"cond-expr","locations":[{"start":{"line":236,"column":15},"end":{"line":236,"column":17}},{"start":{"line":236,"column":20},"end":{"line":236,"column":21}}]},"18":{"line":247,"type":"if","locations":[{"start":{"line":247,"column":1},"end":{"line":247,"column":1}},{"start":{"line":247,"column":1},"end":{"line":247,"column":1}}]},"19":{"line":247,"type":"binary-expr","locations":[{"start":{"line":247,"column":6},"end":{"line":247,"column":14}},{"start":{"line":247,"column":20},"end":{"line":247,"column":28}}]},"20":{"line":248,"type":"if","locations":[{"start":{"line":248,"column":2},"end":{"line":248,"column":2}},{"start":{"line":248,"column":2},"end":{"line":248,"column":2}}]},"21":{"line":257,"type":"if","locations":[{"start":{"line":257,"column":1},"end":{"line":257,"column":1}},{"start":{"line":257,"column":1},"end":{"line":257,"column":1}}]},"22":{"line":257,"type":"binary-expr","locations":[{"start":{"line":257,"column":6},"end":{"line":257,"column":12}},{"start":{"line":257,"column":18},"end":{"line":257,"column":24}}]},"23":{"line":259,"type":"if","locations":[{"start":{"line":259,"column":3},"end":{"line":259,"column":3}},{"start":{"line":259,"column":3},"end":{"line":259,"column":3}}]},"24":{"line":267,"type":"if","locations":[{"start":{"line":267,"column":2},"end":{"line":267,"column":2}},{"start":{"line":267,"column":2},"end":{"line":267,"column":2}}]},"25":{"line":279,"type":"if","locations":[{"start":{"line":279,"column":2},"end":{"line":279,"column":2}},{"start":{"line":279,"column":2},"end":{"line":279,"column":2}}]},"26":{"line":294,"type":"if","locations":[{"start":{"line":294,"column":4},"end":{"line":294,"column":4}},{"start":{"line":294,"column":4},"end":{"line":294,"column":4}}]},"27":{"line":296,"type":"if","locations":[{"start":{"line":296,"column":11},"end":{"line":296,"column":11}},{"start":{"line":296,"column":11},"end":{"line":296,"column":11}}]},"28":{"line":346,"type":"if","locations":[{"start":{"line":346,"column":2},"end":{"line":346,"column":2}},{"start":{"line":346,"column":2},"end":{"line":346,"column":2}}]},"29":{"line":352,"type":"if","locations":[{"start":{"line":352,"column":1},"end":{"line":352,"column":1}},{"start":{"line":352,"column":1},"end":{"line":352,"column":1}}]},"30":{"line":378,"type":"if","locations":[{"start":{"line":378,"column":1},"end":{"line":378,"column":1}},{"start":{"line":378,"column":1},"end":{"line":378,"column":1}}]}},"code":["var _ = require('lodash');","","function sum (arr) {","\treturn arr.reduce(function (p, c, i, a) {","\t\treturn p + c;","\t});","}","","function ensureArr (arr) {","\tif (_.isArray(arr)) {","\t\treturn arr;","\t} else if (typeof arr === 'string') {","\t\treturn arr.split('');","\t} else {","\t\tthrow Error('Parameter must be a string or array.');","\t}","}","","/**"," * Computes the jaro-winkler distance for two given arrays."," *"," * NOTE: this implementation is based on the one found in the"," * Lucene Java library."," *"," * h3 Examples:"," *"," *     wuzzy.jarowinkler("," *     \t\t['D', 'W', 'A', 'Y', 'N', 'E'],"," *     \t\t['D', 'U', 'A', 'N', 'E']"," *     \t);"," *     \t// -> 0.840"," *"," *     wuzzy.jarowinkler("," *     \t\t'DWAYNE',"," *     \t\t'DUANE'"," *     \t);"," *     \t// -> 0.840"," *"," * @param  {String/Array} a - the first string/array to compare"," * @param  {String/Array} b - the second string/array to compare"," * @param  {Number} t - the threshold for adding"," * the winkler bonus (defaults to 0.7)"," * @return {Number}   returns the jaro-winkler distance for"," * the two provided arrays."," */","exports.jarowinkler = function (a, b, t) {","\ta = ensureArr(a);","\tb = ensureArr(b);","","\tvar max, min;","\tif (a.length > b.length) {","\t\tmax = a;","\t\tmin = b;","\t} else {","\t\tmax = b;","\t\tmin = a;","\t}","\tvar threshold = t ? t : .7;","\tvar weight = .1;","\tvar range = Math.floor(Math.max((max.length / 2) - 1, 0));","\tvar mIdx = [];","\tvar mFlg = [];","\tvar mi, xi, xn, c1;","\tvar matches = 0;","\tfor (mi = 0; mi < min.length; mi++) {","\t\tc1 = min[mi];","\t\tfor (xi = Math.max(mi - range, 0), xn = Math.min(mi + range + 1, max.length);","\t\t\t xi < xn;","\t\t\t xi++) {","\t\t\tif (!mFlg[xi] && (c1 === max[xi])) {","\t\t\t\tmIdx[mi] = xi;","\t\t\t\tmFlg[xi] = true;","\t\t\t\tmatches++;","\t\t\t\tbreak;","\t\t\t}","\t\t}","\t}","","\tvar ma = [];","\tvar mb = [];","\tvar i, si;","\tvar trans = 0;","\tvar prefix = 0;","\tfor (i = 0, si = 0; i < min.length; i++) {","\t\tif (mIdx[i] > -1) {","\t\t\tma[si] = min[i];","\t\t\tsi++;","\t\t}","\t}","\tfor(i = 0, si = 0; i < max.length; i++) {","\t\tif (mFlg[i]) {","\t\t\tmb[si] = max[i];","\t\t\tsi++;","\t\t}","\t}","\tfor (mi = 0; mi < ma.length; mi++) {","\t\tif (ma[mi] !== mb[mi]) {","\t\t\ttrans++;","\t\t}","\t}","\tfor (mi = 0; mi < min.length; mi++) {","\t\tif (a[mi] === b[mi]) {","\t\t\tprefix++;","\t\t} else {","\t\t\tbreak;","\t\t}","\t}","","\tvar m = matches;","\tvar t = trans / 2;","\tif (!m) {","\t\treturn 0;","\t} else {","\t\tvar j = (m / a.length + m / b.length + (m - t) / m) / 3","\t\tvar jw = (j < threshold","\t\t\t? j","\t\t\t: (j + Math.min(weight, 1 / max.length) * prefix * (1 - j)));","\t\treturn jw;","\t}","","}","","/**"," * Calculates the levenshtein distance for the"," * two provided arrays and returns the normalized"," * distance."," *"," * h3 Examples:"," *"," *     wuzzy.levenshtein("," *     \t\t['D', 'W', 'A', 'Y', 'N', 'E'],"," *     \t\t['D', 'U', 'A', 'N', 'E']"," *     \t);"," *     \t// -> 0.66666667"," *"," * \t\tor"," *"," *     wuzzy.levenshtein("," *     \t\t'DWAYNE',"," *     \t\t'DUANE'"," *     \t);"," *     \t// -> 0.66666667"," * "," * @param  {String/Array} a - the first string/array to compare"," * @param  {String/Array} b - the second string/array to compare"," * @param  {Object} w - (optional) a set of key/value pairs"," * definining weights for the deletion (key: d), insertion"," * (key: i), and substitution (key: s). default values are"," * 1 for all operations."," * @return {Number}   returns the levenshtein distance for"," * the two provided arrays."," */","exports.levenshtein = function (a, b, w) {","\ta = ensureArr(a);","\tb = ensureArr(b);","","\tif (a.length === 0) {","\t\treturn b.length;","\t}","\tif (b.length === 0) {","\t\treturn a.length;","\t}","","\tvar weights = (w ? w : {","\t\td: 1,","\t\ti: 1,","\t\ts: 1","\t});","\tvar v0 = [];","\tvar v1 = [];","\tvar vlen = b.length + 1;","\tvar i,j;","\tvar cost;","\tvar mlen;","","\tfor (i = 0; i < vlen; i++) {","\t\tv0[i] = i;","\t}","","\tfor (i = 0; i < a.length; i++) {","\t\tv1[0] = i + 1;","","\t\tfor (j = 0; j < b.length; j++) {","\t\t\tcost = (a[i] === b[j]) ? 0 : weights.s;","\t\t\tv1[j + 1] = Math.min(","\t\t\t\tv1[j] + weights.d,","\t\t\t\tv0[j + 1] + weights.i,","\t\t\t\tv0[j] + cost","\t\t\t);","\t\t}","","\t\tfor (j = 0; j < vlen; j++) {","\t\t\tv0[j] = v1[j];","\t\t}","\t}","","\tmlen = Math.max(a.length, b.length);","","\treturn (mlen - v1[b.length]) / mlen;","}","","/**"," * Computes the n-gram edit distance for any n (defaults to 2)."," *"," * NOTE: this implementation is based on the one found in the"," * Lucene Java library."," *"," * h3 Examples:"," *"," *     wuzzy.ngram("," *     \t\t['D', 'W', 'A', 'Y', 'N', 'E'],"," *     \t\t['D', 'U', 'A', 'N', 'E']"," *     \t);"," *     \t// -> 0.583"," *"," * \t\tor"," *"," *     wuzzy.ngram("," *     \t\t'DWAYNE',"," *     \t\t'DUANE'"," *     \t);"," *     \t// -> 0.583"," * "," * @param  {String/Array} a - the first string/array to compare"," * @param  {String/Array} b - the second string/array to compare"," * @param  {Number} ng - (optional) the n-gram size to work with (defaults to 2)"," * @return {Number}   returns the ngram distance for"," * the two provided arrays."," */","exports.ngram = function (a, b, ng) {","\ta = ensureArr(a);","\tb = ensureArr(b);","","\tvar al = a.length;","\tvar bl = b.length;","\tvar n = (ng ? ng : 2);","\tvar cost;","\tvar i, j, ni, ti, tn, ec;","\tvar sa = [];","\tvar p  = [];","\tvar d = [];","\tvar _d = [];","\tvar t_j = [];","\tvar pdl = al + 1;","","\t// empty string situation","\tif ((al === 0) || (bl === 0)) {","\t\tif (al === bl) {","\t\t\treturn 1;","\t\t} else {","\t\t\treturn 0;","\t\t}","\t}","","\t// smaller than n situation","\tcost = 0;","\tif ((al < n) || (bl < n)) {","\t\tfor (i = 0, ni = Math.min(al, bl); i < ni; i++) {","\t\t\tif (a[i] === b[i]) {","\t\t\t\tcost++;","\t\t\t}","\t\t}","\t\treturn cost / Math.max(al, bl);","\t}","","\tfor (i = 0; i < (al + n - 1); i++) {","\t\tif (i < (n - 1)) {","\t\t\tsa[i] = 0;","\t\t} else {","\t\t\tsa[i] = a[i - n + 1];","\t\t}","\t}","","\tfor (i = 0; i <= al; i++) {","\t\tp[i] = i;","\t}","","\tfor (j = 1; j <= bl; j++) {","\t\tif (j < n) {","\t\t\tfor (ti = 0; ti < (n - j); ti++) {","\t\t\t\tt_j[ti] = 0;","\t\t\t}","\t\t\tfor (ti = (n - j); ti < n; ti++) {","\t\t\t\tt_j[ti] = b[ti - (n - j)];","\t\t\t}","\t\t} else {","\t\t\tt_j = b.slice(j - n, j);","\t\t}","\t\td[0] = j;","\t\tfor (i = 1; i <= al; i++) {","\t\t\tcost = 0;","\t\t\ttn = n;","\t\t\tfor (ni = 0; ni < n; ni++) {","\t\t\t\tif (sa[i - 1 + ni] !== t_j[ni]) {","\t\t\t\t\tcost++;","\t\t\t\t} else if (sa[i - 1 + ni] === 0) {","\t\t\t\t\ttn--;","\t\t\t\t}","\t\t\t}","\t\t\tec = cost / tn;","\t\t\td[i] = Math.min(","\t\t\t\tMath.min(","\t\t\t\t\td[i - 1] + 1,","\t\t\t\t\tp[i] + 1","\t\t\t\t),","\t\t\t\tp[i - 1] + ec","\t\t\t);","\t\t}","","\t\t_d = p;","\t\tp = d;","\t\td = _d;","\t}","","\treturn 1.0 - (p[al] / Math.max(al, bl));","}","","/**"," * Calculates a pearson correlation score for two given"," * objects (compares values of similar keys)."," *"," * h3 Examples:"," *"," *     wuzzy.pearson("," *     \t\t{a: 2.5, b: 3.5, c: 3.0, d: 3.5, e: 2.5, f: 3.0},"," *     \t\t{a: 3.0, b: 3.5, c: 1.5, d: 5.0, e: 3.5, f: 3.0, g: 5.0}"," *     \t);"," *     \t// -> 0.396"," *"," * \t\tor"," *"," *     wuzzy.pearson("," *     \t\t{a: 2.5, b: 1},"," *     \t\t{o: 3.5, e: 6.0}"," *     \t);"," *     \t// -> 1.0"," * "," * @param  {Object} a - the first object to compare"," * @param  {Object} b - the second object to compare"," * @return {Number}   returns the pearson correlation for"," * the two provided arrays."," */","exports.pearson = function (a, b) {","\tvar sk = [];","\tObject.keys(a).forEach(function (k) {","\t\tif (b[k]) {","\t\t\tsk.push(k);","\t\t}","\t});","\tvar n = sk.length;","","\tif (n === 0) {","\t\treturn 0;","\t}","","\tvar sa = sum(sk.map(function (k) {","\t\treturn a[k];","\t}));","\tvar sb = sum(sk.map(function (k) {","\t\treturn b[k];","\t}));","","\tvar sas = sum(sk.map(function (k) {","\t\treturn Math.pow(a[k], 2);","\t}));","","\tvar sbs = sum(sk.map(function (k) {","\t\treturn Math.pow(b[k], 2);","\t}));","","\tvar sp = sum(sk.map(function (k) {","\t\treturn a[k] * b[k];","\t}));","","\tvar num = sp - (sa * sb / n);","\tvar den = Math.sqrt((sas - Math.pow(sa, 2) / n) * (sbs - Math.pow(sb, 2) / n));","","\tif (den === 0) {","\t\treturn 0;","\t} else {","\t\treturn num / den;","\t}","}","","/**"," * Calculates the jaccard index for the two"," * provided arrays."," *"," * h3 Examples:"," *"," *     wuzzy.jaccard("," *     \t\t['a', 'b', 'c', 'd', 'e', 'f'],"," *     \t\t['a', 'e', 'f']"," *     \t);"," *     \t// -> 0.5"," *"," * \t\tor"," *"," *     wuzzy.jaccard("," *     \t\t'abcdef',"," *     \t\t'aef'"," *     \t);"," *     \t// -> 0.5"," *"," * \t\tor "," *"," *     wuzzy.jaccard("," *     \t\t['abe', 'babe', 'cabe', 'dabe', 'eabe', 'fabe'],"," *     \t\t['babe']"," *     \t);"," *     \t// -> 0.16666667"," * "," * @param  {String/Array} a - the first string/array to compare"," * @param  {String/Array} b - the second string/array to compare"," * @return {Number}   returns the jaccard index for"," * the two provided arrays."," */","exports.jaccard = function (a, b) {","\ta = ensureArr(a);","\tb = ensureArr(b);","","\treturn (_.intersection(a, b).length / _.union(a, b).length);","}","","/**"," * Calculates the tanimoto distance (weighted jaccard index)."," *"," * h3 Examples:"," *"," *     wuzzy.tanimoto("," *     \t\t['a', 'b', 'c', 'd', 'd', 'e', 'f', 'f'],"," *     \t\t['a', 'e', 'f']"," *     \t);"," *     \t// -> 0.375"," *"," * \t\tor"," *"," *     wuzzy.tanimoto("," *     \t\t'abcddeff',"," *     \t\t'aef'"," *     \t);"," *     \t// -> 0.375"," *"," * \t\tor "," *"," *     wuzzy.tanimoto("," *     \t\t['abe', 'babe', 'cabe', 'dabe', 'eabe', 'fabe', 'fabe'],"," *     \t\t['babe']"," *     \t);"," *     \t// -> 0.14285714"," * "," * @param  {String/Array} a - the first string/array to compare"," * @param  {String/Array} b - the second string/array to compare"," * @return {Number}   returns the tanimoto distance for"," * the two provided arrays."," */","exports.tanimoto = function (a, b) {","\ta = ensureArr(a);","\tb = ensureArr(b);","","\tvar both = _.intersection(a, b).length;","\treturn  (both / (a.length + b.length - both));","}",""],"l":{"1":1,"3":1,"4":0,"5":0,"9":1,"10":0,"11":0,"12":0,"13":0,"15":0,"46":1,"47":0,"48":0,"50":0,"51":0,"52":0,"53":0,"55":0,"56":0,"58":0,"59":0,"60":0,"61":0,"62":0,"63":0,"64":0,"65":0,"66":0,"67":0,"70":0,"71":0,"72":0,"73":0,"74":0,"79":0,"80":0,"81":0,"82":0,"83":0,"84":0,"85":0,"86":0,"87":0,"90":0,"91":0,"92":0,"93":0,"96":0,"97":0,"98":0,"101":0,"102":0,"103":0,"105":0,"109":0,"110":0,"111":0,"112":0,"114":0,"115":0,"118":0,"153":1,"154":0,"155":0,"157":0,"158":0,"160":0,"161":0,"164":0,"169":0,"170":0,"171":0,"172":0,"173":0,"174":0,"176":0,"177":0,"180":0,"181":0,"183":0,"184":0,"185":0,"192":0,"193":0,"197":0,"199":0,"230":1,"231":0,"232":0,"234":0,"235":0,"236":0,"237":0,"238":0,"239":0,"240":0,"241":0,"242":0,"243":0,"244":0,"247":0,"248":0,"249":0,"251":0,"256":0,"257":0,"258":0,"259":0,"260":0,"263":0,"266":0,"267":0,"268":0,"270":0,"274":0,"275":0,"278":0,"279":0,"280":0,"281":0,"283":0,"284":0,"287":0,"289":0,"290":0,"291":0,"292":0,"293":0,"294":0,"295":0,"296":0,"297":0,"300":0,"301":0,"310":0,"311":0,"312":0,"315":0,"343":1,"344":0,"345":0,"346":0,"347":0,"350":0,"352":0,"353":0,"356":0,"357":0,"359":0,"360":0,"363":0,"364":0,"367":0,"368":0,"371":0,"372":0,"375":0,"376":0,"378":0,"379":0,"381":0,"418":1,"419":0,"420":0,"422":0,"457":1,"458":0,"459":0,"461":0,"462":0}},"/home/travis/build/npmtest/node-npmtest-wuzzy/node_modules/wuzzy/Gruntfile.js":{"path":"/home/travis/build/npmtest/node-npmtest-wuzzy/node_modules/wuzzy/Gruntfile.js","s":{"1":2,"2":0,"3":0,"4":0,"5":0,"6":0,"7":0,"8":0,"9":0,"10":0},"b":{},"f":{"1":0,"2":0},"fnMap":{"1":{"name":"(anonymous_1)","line":3,"loc":{"start":{"line":3,"column":17},"end":{"line":3,"column":34}}},"2":{"name":"(anonymous_2)","line":24,"loc":{"start":{"line":24,"column":37},"end":{"line":24,"column":49}}}},"statementMap":{"1":{"start":{"line":1,"column":0},"end":{"line":1,"column":29}},"2":{"start":{"line":3,"column":0},"end":{"line":34,"column":2}},"3":{"start":{"line":6,"column":1},"end":{"line":6,"column":40}},"4":{"start":{"line":9,"column":1},"end":{"line":18,"column":4}},"5":{"start":{"line":21,"column":1},"end":{"line":21,"column":41}},"6":{"start":{"line":24,"column":1},"end":{"line":33,"column":4}},"7":{"start":{"line":25,"column":2},"end":{"line":25,"column":35}},"8":{"start":{"line":26,"column":2},"end":{"line":26,"column":26}},"9":{"start":{"line":28,"column":2},"end":{"line":30,"column":4}},"10":{"start":{"line":32,"column":2},"end":{"line":32,"column":51}}},"branchMap":{},"code":["var mocha = require('mocha');","","module.exports = function (grunt) {","","\t/* add the grunt-mocha-test task */","\tgrunt.loadNpmTasks('grunt-mocha-test');","","\t/* grunt configuration */","\tgrunt.initConfig({","\t\tmochaTest: {","\t\t\ttest: {","\t\t\t\toptions: {","\t\t\t\t\treporter: 'spec'","\t\t\t\t},","\t\t\t\tsrc: ['tests/*.js']","\t\t\t}","\t\t}","\t});","","\t/* test task */","\tgrunt.registerTask('test', 'mochaTest');","","\t/* documentation generation task */","\tgrunt.registerTask('documentation', function () {","\t\tvar markdox = require('markdox');","\t\tvar done = this.async();","","\t\tvar files = [","\t\t\t'./index.js'","\t\t];","","\t\tmarkdox.process(files, 'documentation.md', done);","\t});","};"],"l":{"1":2,"3":0,"6":0,"9":0,"21":0,"24":0,"25":0,"26":0,"28":0,"32":0}}}